============================================== 
Date: Sat 01/10/2026  9:46:47.27 
============================================== 
Traceback (most recent call last):
  File "C:\Ki 4\Movie Analysis and Recommendation\Script\get_genre.py", line 22, in <module>
    print(" \u0110ang l\u1ea5y danh s·ch Th\u1ec3 lo\u1ea1i...")
    ~~~~~^^^^^^^^^^^^^^^^^^^^^^^^^^^^^^^^^^^
  File "C:\Users\Admin\AppData\Local\Programs\Python\Python313\Lib\encodings\cp1252.py", line 19, in encode
    return codecs.charmap_encode(input,self.errors,encoding_table)[0]
           ~~~~~~~~~~~~~~~~~~~~~^^^^^^^^^^^^^^^^^^^^^^^^^^^^^^^^^^
UnicodeEncodeError: 'charmap' codec can't encode character '\u0110' in position 1: character maps to <undefined>

==================================================
Traceback (most recent call last):
  File "C:\Ki 4\Movie Analysis and Recommendation\Script\auto_etl.py", line 124, in <module>
    run_pipeline()
    ~~~~~~~~~~~~^^
  File "C:\Ki 4\Movie Analysis and Recommendation\Script\auto_etl.py", line 38, in run_pipeline
    print(f"\U0001f680 B\u1eaeT \u0110\u1ea6U QU¡ TRÃNH ETL: {datetime.now()}")
    ~~~~~^^^^^^^^^^^^^^^^^^^^^^^^^^^^^^^^^^^^^^^^^^^^^^^
  File "C:\Users\Admin\AppData\Local\Programs\Python\Python313\Lib\encodings\cp1252.py", line 19, in encode
    return codecs.charmap_encode(input,self.errors,encoding_table)[0]
           ~~~~~~~~~~~~~~~~~~~~~^^^^^^^^^^^^^^^^^^^^^^^^^^^^^^^^^^
UnicodeEncodeError: 'charmap' codec can't encode character '\U0001f680' in position 0: character maps to <undefined>
Traceback (most recent call last):
  File "C:\Ki 4\Movie Analysis and Recommendation\Script\financial.py", line 88, in <module>
    enrich_data()
    ~~~~~~~~~~~^^
  File "C:\Ki 4\Movie Analysis and Recommendation\Script\financial.py", line 27, in enrich_data
    print(" \u0110ang \u0111\u1ecdc danh s·ch ID t\u1eeb SQL...")
    ~~~~~^^^^^^^^^^^^^^^^^^^^^^^^^^^^^^^^^^^^
  File "C:\Users\Admin\AppData\Local\Programs\Python\Python313\Lib\encodings\cp1252.py", line 19, in encode
    return codecs.charmap_encode(input,self.errors,encoding_table)[0]
           ~~~~~~~~~~~~~~~~~~~~~^^^^^^^^^^^^^^^^^^^^^^^^^^^^^^^^^^
UnicodeEncodeError: 'charmap' codec can't encode character '\u0110' in position 1: character maps to <undefined>
============================================== 
============================================== 
Date: Sat 01/10/2026  9:49:40.14 
============================================== 
 ƒêang l·∫•y danh s√°ch Th·ªÉ lo·∫°i...
ƒê√£ t·∫°o b·∫£ng [Dim_Genres] v·ªõi 19 th·ªÉ lo·∫°i.

==================================================
üöÄ B·∫ÆT ƒê·∫¶U QU√Å TR√åNH ETL: 2026-01-10 09:49:42.666857
üéØ M·ª•c ti√™u: 2000 - 2026 | Top 500 phim/nƒÉm
==================================================

ƒêang qu√©t d·ªØ li·ªáu nƒÉm 2000... -> ƒê√£ l·∫•y 279 phim.
ƒêang qu√©t d·ªØ li·ªáu nƒÉm 2001... -> ƒê√£ l·∫•y 308 phim.
ƒêang qu√©t d·ªØ li·ªáu nƒÉm 2002... -> ƒê√£ l·∫•y 333 phim.
ƒêang qu√©t d·ªØ li·ªáu nƒÉm 2003... -> ƒê√£ l·∫•y 357 phim.
ƒêang qu√©t d·ªØ li·ªáu nƒÉm 2004... -> ƒê√£ l·∫•y 393 phim.
ƒêang qu√©t d·ªØ li·ªáu nƒÉm 2005... -> ƒê√£ l·∫•y 402 phim.
ƒêang qu√©t d·ªØ li·ªáu nƒÉm 2006... -> ƒê√£ l·∫•y 491 phim.
ƒêang qu√©t d·ªØ li·ªáu nƒÉm 2007... -> ƒê√£ l·∫•y 500 phim.
ƒêang qu√©t d·ªØ li·ªáu nƒÉm 2008... -> ƒê√£ l·∫•y 500 phim.
ƒêang qu√©t d·ªØ li·ªáu nƒÉm 2009... -> ƒê√£ l·∫•y 500 phim.
ƒêang qu√©t d·ªØ li·ªáu nƒÉm 2010... -> ƒê√£ l·∫•y 500 phim.
ƒêang qu√©t d·ªØ li·ªáu nƒÉm 2011... -> ƒê√£ l·∫•y 500 phim.
ƒêang qu√©t d·ªØ li·ªáu nƒÉm 2012... -> ƒê√£ l·∫•y 500 phim.
ƒêang qu√©t d·ªØ li·ªáu nƒÉm 2013... -> ƒê√£ l·∫•y 500 phim.
ƒêang qu√©t d·ªØ li·ªáu nƒÉm 2014... -> ƒê√£ l·∫•y 500 phim.
ƒêang qu√©t d·ªØ li·ªáu nƒÉm 2015... -> ƒê√£ l·∫•y 500 phim.
ƒêang qu√©t d·ªØ li·ªáu nƒÉm 2016... -> ƒê√£ l·∫•y 500 phim.
ƒêang qu√©t d·ªØ li·ªáu nƒÉm 2017... -> ƒê√£ l·∫•y 500 phim.
ƒêang qu√©t d·ªØ li·ªáu nƒÉm 2018... -> ƒê√£ l·∫•y 500 phim.
ƒêang qu√©t d·ªØ li·ªáu nƒÉm 2019... -> ƒê√£ l·∫•y 500 phim.
ƒêang qu√©t d·ªØ li·ªáu nƒÉm 2020... -> ƒê√£ l·∫•y 500 phim.
ƒêang qu√©t d·ªØ li·ªáu nƒÉm 2021... -> ƒê√£ l·∫•y 500 phim.
ƒêang qu√©t d·ªØ li·ªáu nƒÉm 2022... -> ƒê√£ l·∫•y 500 phim.
ƒêang qu√©t d·ªØ li·ªáu nƒÉm 2023... -> ƒê√£ l·∫•y 500 phim.
ƒêang qu√©t d·ªØ li·ªáu nƒÉm 2024... -> ƒê√£ l·∫•y 496 phim.
ƒêang qu√©t d·ªØ li·ªáu nƒÉm 2025... -> ƒê√£ l·∫•y 306 phim.
ƒêang qu√©t d·ªØ li·ªáu nƒÉm 2026... -> ƒê√£ l·∫•y 0 phim.

üõ†Ô∏è  ƒêang x·ª≠ l√Ω v√† l√†m s·∫°ch d·ªØ li·ªáu...
T·ªïng s·ªë l∆∞·ª£ng phim s·∫°ch thu ƒë∆∞·ª£c: 11864 b·ªô phim.
ƒê√£ l∆∞u file CSV t·∫°i: C:\Ki 4\Movie Analysis and Recommendation\Data_Backup\movies_full_data_20260110.csv
ƒêang n·∫°p d·ªØ li·ªáu v√†o Database
ƒê√£ n·∫°p xong b·∫£ng [Fact_Movies] v√†o Database [Movie_DB]
 ƒêang ƒë·ªçc danh s√°ch ID t·ª´ SQL...
Traceback (most recent call last):
  File "C:\Users\Admin\AppData\Local\Programs\Python\Python313\Lib\site-packages\sqlalchemy\engine\base.py", line 143, in __init__
    self._dbapi_connection = engine.raw_connection()
                             ~~~~~~~~~~~~~~~~~~~~~^^
  File "C:\Users\Admin\AppData\Local\Programs\Python\Python313\Lib\site-packages\sqlalchemy\engine\base.py", line 3309, in raw_connection
    return self.pool.connect()
           ~~~~~~~~~~~~~~~~~^^
  File "C:\Users\Admin\AppData\Local\Programs\Python\Python313\Lib\site-packages\sqlalchemy\pool\base.py", line 447, in connect
    return _ConnectionFairy._checkout(self)
           ~~~~~~~~~~~~~~~~~~~~~~~~~~^^^^^^
  File "C:\Users\Admin\AppData\Local\Programs\Python\Python313\Lib\site-packages\sqlalchemy\pool\base.py", line 1264, in _checkout
    fairy = _ConnectionRecord.checkout(pool)
  File "C:\Users\Admin\AppData\Local\Programs\Python\Python313\Lib\site-packages\sqlalchemy\pool\base.py", line 711, in checkout
    rec = pool._do_get()
  File "C:\Users\Admin\AppData\Local\Programs\Python\Python313\Lib\site-packages\sqlalchemy\pool\impl.py", line 177, in _do_get
    with util.safe_reraise():
         ~~~~~~~~~~~~~~~~~^^
  File "C:\Users\Admin\AppData\Local\Programs\Python\Python313\Lib\site-packages\sqlalchemy\util\langhelpers.py", line 224, in __exit__
    raise exc_value.with_traceback(exc_tb)
  File "C:\Users\Admin\AppData\Local\Programs\Python\Python313\Lib\site-packages\sqlalchemy\pool\impl.py", line 175, in _do_get
    return self._create_connection()
           ~~~~~~~~~~~~~~~~~~~~~~~^^
  File "C:\Users\Admin\AppData\Local\Programs\Python\Python313\Lib\site-packages\sqlalchemy\pool\base.py", line 388, in _create_connection
    return _ConnectionRecord(self)
  File "C:\Users\Admin\AppData\Local\Programs\Python\Python313\Lib\site-packages\sqlalchemy\pool\base.py", line 673, in __init__
    self.__connect()
    ~~~~~~~~~~~~~~^^
  File "C:\Users\Admin\AppData\Local\Programs\Python\Python313\Lib\site-packages\sqlalchemy\pool\base.py", line 899, in __connect
    with util.safe_reraise():
         ~~~~~~~~~~~~~~~~~^^
  File "C:\Users\Admin\AppData\Local\Programs\Python\Python313\Lib\site-packages\sqlalchemy\util\langhelpers.py", line 224, in __exit__
    raise exc_value.with_traceback(exc_tb)
  File "C:\Users\Admin\AppData\Local\Programs\Python\Python313\Lib\site-packages\sqlalchemy\pool\base.py", line 895, in __connect
    self.dbapi_connection = connection = pool._invoke_creator(self)
                                         ~~~~~~~~~~~~~~~~~~~~^^^^^^
  File "C:\Users\Admin\AppData\Local\Programs\Python\Python313\Lib\site-packages\sqlalchemy\engine\create.py", line 661, in connect
    return dialect.connect(*cargs, **cparams)
           ~~~~~~~~~~~~~~~^^^^^^^^^^^^^^^^^^^
  File "C:\Users\Admin\AppData\Local\Programs\Python\Python313\Lib\site-packages\sqlalchemy\engine\default.py", line 630, in connect
    return self.loaded_dbapi.connect(*cargs, **cparams)  # type: ignore[no-any-return]  # NOQA: E501
           ~~~~~~~~~~~~~~~~~~~~~~~~~^^^^^^^^^^^^^^^^^^^
pyodbc.InterfaceError: ('28000', '[28000] [Microsoft][ODBC Driver 17 for SQL Server][SQL Server]Login failed for user \'DESKTOP-81G9JFQ\\Admin\'. (18456) (SQLDriverConnect); [28000] [Microsoft][ODBC Driver 17 for SQL Server][SQL Server]Cannot open database "nth?9" requested by the login. The login failed. (4060); [28000] [Microsoft][ODBC Driver 17 for SQL Server][SQL Server]Login failed for user \'DESKTOP-81G9JFQ\\Admin\'. (18456); [28000] [Microsoft][ODBC Driver 17 for SQL Server][SQL Server]Cannot open database "nth?9" requested by the login. The login failed. (4060)')

The above exception was the direct cause of the following exception:

Traceback (most recent call last):
  File "C:\Ki 4\Movie Analysis and Recommendation\Script\financial.py", line 88, in <module>
    enrich_data()
    ~~~~~~~~~~~^^
  File "C:\Ki 4\Movie Analysis and Recommendation\Script\financial.py", line 29, in enrich_data
    all_ids = pd.read_sql(query_all, engine)['movie_id'].tolist()
              ~~~~~~~~~~~^^^^^^^^^^^^^^^^^^^
  File "C:\Users\Admin\AppData\Local\Programs\Python\Python313\Lib\site-packages\pandas\io\sql.py", line 706, in read_sql
    with pandasSQL_builder(con) as pandas_sql:
         ~~~~~~~~~~~~~~~~~^^^^^
  File "C:\Users\Admin\AppData\Local\Programs\Python\Python313\Lib\site-packages\pandas\io\sql.py", line 908, in pandasSQL_builder
    return SQLDatabase(con, schema, need_transaction)
  File "C:\Users\Admin\AppData\Local\Programs\Python\Python313\Lib\site-packages\pandas\io\sql.py", line 1648, in __init__
    con = self.exit_stack.enter_context(con.connect())
                                        ~~~~~~~~~~~^^
  File "C:\Users\Admin\AppData\Local\Programs\Python\Python313\Lib\site-packages\sqlalchemy\engine\base.py", line 3285, in connect
    return self._connection_cls(self)
           ~~~~~~~~~~~~~~~~~~~~^^^^^^
  File "C:\Users\Admin\AppData\Local\Programs\Python\Python313\Lib\site-packages\sqlalchemy\engine\base.py", line 145, in __init__
    Connection._handle_dbapi_exception_noconnection(
    ~~~~~~~~~~~~~~~~~~~~~~~~~~~~~~~~~~~~~~~~~~~~~~~^
        err, dialect, engine
        ^^^^^^^^^^^^^^^^^^^^
    )
    ^
  File "C:\Users\Admin\AppData\Local\Programs\Python\Python313\Lib\site-packages\sqlalchemy\engine\base.py", line 2448, in _handle_dbapi_exception_noconnection
    raise sqlalchemy_exception.with_traceback(exc_info[2]) from e
  File "C:\Users\Admin\AppData\Local\Programs\Python\Python313\Lib\site-packages\sqlalchemy\engine\base.py", line 143, in __init__
    self._dbapi_connection = engine.raw_connection()
                             ~~~~~~~~~~~~~~~~~~~~~^^
  File "C:\Users\Admin\AppData\Local\Programs\Python\Python313\Lib\site-packages\sqlalchemy\engine\base.py", line 3309, in raw_connection
    return self.pool.connect()
           ~~~~~~~~~~~~~~~~~^^
  File "C:\Users\Admin\AppData\Local\Programs\Python\Python313\Lib\site-packages\sqlalchemy\pool\base.py", line 447, in connect
    return _ConnectionFairy._checkout(self)
           ~~~~~~~~~~~~~~~~~~~~~~~~~~^^^^^^
  File "C:\Users\Admin\AppData\Local\Programs\Python\Python313\Lib\site-packages\sqlalchemy\pool\base.py", line 1264, in _checkout
    fairy = _ConnectionRecord.checkout(pool)
  File "C:\Users\Admin\AppData\Local\Programs\Python\Python313\Lib\site-packages\sqlalchemy\pool\base.py", line 711, in checkout
    rec = pool._do_get()
  File "C:\Users\Admin\AppData\Local\Programs\Python\Python313\Lib\site-packages\sqlalchemy\pool\impl.py", line 177, in _do_get
    with util.safe_reraise():
         ~~~~~~~~~~~~~~~~~^^
  File "C:\Users\Admin\AppData\Local\Programs\Python\Python313\Lib\site-packages\sqlalchemy\util\langhelpers.py", line 224, in __exit__
    raise exc_value.with_traceback(exc_tb)
  File "C:\Users\Admin\AppData\Local\Programs\Python\Python313\Lib\site-packages\sqlalchemy\pool\impl.py", line 175, in _do_get
    return self._create_connection()
           ~~~~~~~~~~~~~~~~~~~~~~~^^
  File "C:\Users\Admin\AppData\Local\Programs\Python\Python313\Lib\site-packages\sqlalchemy\pool\base.py", line 388, in _create_connection
    return _ConnectionRecord(self)
  File "C:\Users\Admin\AppData\Local\Programs\Python\Python313\Lib\site-packages\sqlalchemy\pool\base.py", line 673, in __init__
    self.__connect()
    ~~~~~~~~~~~~~~^^
  File "C:\Users\Admin\AppData\Local\Programs\Python\Python313\Lib\site-packages\sqlalchemy\pool\base.py", line 899, in __connect
    with util.safe_reraise():
         ~~~~~~~~~~~~~~~~~^^
  File "C:\Users\Admin\AppData\Local\Programs\Python\Python313\Lib\site-packages\sqlalchemy\util\langhelpers.py", line 224, in __exit__
    raise exc_value.with_traceback(exc_tb)
  File "C:\Users\Admin\AppData\Local\Programs\Python\Python313\Lib\site-packages\sqlalchemy\pool\base.py", line 895, in __connect
    self.dbapi_connection = connection = pool._invoke_creator(self)
                                         ~~~~~~~~~~~~~~~~~~~~^^^^^^
  File "C:\Users\Admin\AppData\Local\Programs\Python\Python313\Lib\site-packages\sqlalchemy\engine\create.py", line 661, in connect
    return dialect.connect(*cargs, **cparams)
           ~~~~~~~~~~~~~~~^^^^^^^^^^^^^^^^^^^
  File "C:\Users\Admin\AppData\Local\Programs\Python\Python313\Lib\site-packages\sqlalchemy\engine\default.py", line 630, in connect
    return self.loaded_dbapi.connect(*cargs, **cparams)  # type: ignore[no-any-return]  # NOQA: E501
           ~~~~~~~~~~~~~~~~~~~~~~~~~^^^^^^^^^^^^^^^^^^^
sqlalchemy.exc.InterfaceError: (pyodbc.InterfaceError) ('28000', '[28000] [Microsoft][ODBC Driver 17 for SQL Server][SQL Server]Login failed for user \'DESKTOP-81G9JFQ\\Admin\'. (18456) (SQLDriverConnect); [28000] [Microsoft][ODBC Driver 17 for SQL Server][SQL Server]Cannot open database "nth?9" requested by the login. The login failed. (4060); [28000] [Microsoft][ODBC Driver 17 for SQL Server][SQL Server]Login failed for user \'DESKTOP-81G9JFQ\\Admin\'. (18456); [28000] [Microsoft][ODBC Driver 17 for SQL Server][SQL Server]Cannot open database "nth?9" requested by the login. The login failed. (4060)')
(Background on this error at: https://sqlalche.me/e/20/rvf5)
============================================== 
============================================== 
Date: Sat 01/10/2026 10:04:22.49 
============================================== 
 ƒêang l·∫•y danh s√°ch Th·ªÉ lo·∫°i...
ƒê√£ t·∫°o b·∫£ng [Dim_Genres] v·ªõi 19 th·ªÉ lo·∫°i.

==================================================
üöÄ B·∫ÆT ƒê·∫¶U QU√Å TR√åNH ETL: 2026-01-10 10:04:24.808954
üéØ M·ª•c ti√™u: 2000 - 2026 | Top 500 phim/nƒÉm
==================================================

ƒêang qu√©t d·ªØ li·ªáu nƒÉm 2000... -> ƒê√£ l·∫•y 279 phim.
ƒêang qu√©t d·ªØ li·ªáu nƒÉm 2001... -> ƒê√£ l·∫•y 308 phim.
ƒêang qu√©t d·ªØ li·ªáu nƒÉm 2002... -> ƒê√£ l·∫•y 333 phim.
ƒêang qu√©t d·ªØ li·ªáu nƒÉm 2003... -> ƒê√£ l·∫•y 357 phim.
ƒêang qu√©t d·ªØ li·ªáu nƒÉm 2004... -> ƒê√£ l·∫•y 393 phim.
ƒêang qu√©t d·ªØ li·ªáu nƒÉm 2005... -> ƒê√£ l·∫•y 402 phim.
ƒêang qu√©t d·ªØ li·ªáu nƒÉm 2006... -> ƒê√£ l·∫•y 491 phim.
ƒêang qu√©t d·ªØ li·ªáu nƒÉm 2007... -> ƒê√£ l·∫•y 500 phim.
ƒêang qu√©t d·ªØ li·ªáu nƒÉm 2008... -> ƒê√£ l·∫•y 500 phim.
ƒêang qu√©t d·ªØ li·ªáu nƒÉm 2009... -> ƒê√£ l·∫•y 500 phim.
ƒêang qu√©t d·ªØ li·ªáu nƒÉm 2010... -> ƒê√£ l·∫•y 500 phim.
ƒêang qu√©t d·ªØ li·ªáu nƒÉm 2011... -> ƒê√£ l·∫•y 500 phim.
ƒêang qu√©t d·ªØ li·ªáu nƒÉm 2012... -> ƒê√£ l·∫•y 500 phim.
ƒêang qu√©t d·ªØ li·ªáu nƒÉm 2013... -> ƒê√£ l·∫•y 500 phim.
ƒêang qu√©t d·ªØ li·ªáu nƒÉm 2014... -> ƒê√£ l·∫•y 500 phim.
ƒêang qu√©t d·ªØ li·ªáu nƒÉm 2015... -> ƒê√£ l·∫•y 500 phim.
ƒêang qu√©t d·ªØ li·ªáu nƒÉm 2016... -> ƒê√£ l·∫•y 500 phim.
ƒêang qu√©t d·ªØ li·ªáu nƒÉm 2017... -> ƒê√£ l·∫•y 500 phim.
ƒêang qu√©t d·ªØ li·ªáu nƒÉm 2018... -> ƒê√£ l·∫•y 500 phim.
ƒêang qu√©t d·ªØ li·ªáu nƒÉm 2019... -> ƒê√£ l·∫•y 500 phim.
ƒêang qu√©t d·ªØ li·ªáu nƒÉm 2020... -> ƒê√£ l·∫•y 500 phim.
ƒêang qu√©t d·ªØ li·ªáu nƒÉm 2021... -> ƒê√£ l·∫•y 500 phim.
ƒêang qu√©t d·ªØ li·ªáu nƒÉm 2022... -> ƒê√£ l·∫•y 500 phim.
ƒêang qu√©t d·ªØ li·ªáu nƒÉm 2023... -> ƒê√£ l·∫•y 500 phim.
ƒêang qu√©t d·ªØ li·ªáu nƒÉm 2024... -> ƒê√£ l·∫•y 496 phim.
ƒêang qu√©t d·ªØ li·ªáu nƒÉm 2025... -> ƒê√£ l·∫•y 306 phim.
ƒêang qu√©t d·ªØ li·ªáu nƒÉm 2026... -> ƒê√£ l·∫•y 0 phim.

üõ†Ô∏è  ƒêang x·ª≠ l√Ω v√† l√†m s·∫°ch d·ªØ li·ªáu...
T·ªïng s·ªë l∆∞·ª£ng phim s·∫°ch thu ƒë∆∞·ª£c: 11864 b·ªô phim.
ƒê√£ l∆∞u file CSV t·∫°i: C:\Ki 4\Movie Analysis and Recommendation\Data_Backup\movies_full_data_20260110.csv
ƒêang n·∫°p d·ªØ li·ªáu v√†o Database
ƒê√£ n·∫°p xong b·∫£ng [Fact_Movies] v√†o Database [Movie_DB]
C:\Ki 4\Movie Analysis and Recommendation\Script\financial.py:70: FutureWarning: Passing literal json to 'read_json' is deprecated and will be removed in a future version. To read from a literal string, wrap it in a 'StringIO' object.
  df_batch = pd.read_json(pd.Series(batch_data).to_json(orient='records'))
C:\Ki 4\Movie Analysis and Recommendation\Script\financial.py:70: FutureWarning: Passing literal json to 'read_json' is deprecated and will be removed in a future version. To read from a literal string, wrap it in a 'StringIO' object.
  df_batch = pd.read_json(pd.Series(batch_data).to_json(orient='records'))
C:\Ki 4\Movie Analysis and Recommendation\Script\financial.py:83: FutureWarning: Passing literal json to 'read_json' is deprecated and will be removed in a future version. To read from a literal string, wrap it in a 'StringIO' object.
  df_batch = pd.read_json(pd.Series(batch_data).to_json(orient='records'))
 ƒêang ƒë·ªçc danh s√°ch ID t·ª´ SQL...
T·ªïng phim: 11864 | ƒê√£ xong: 11848 | C·∫ßn l√†m: 280
B·∫ÆT ƒê·∫¶U C√ÄO D·ªÆ LI·ªÜU T√ÄI CH√çNH...
ƒê√£ l∆∞u th√™m 100 phim... (T·ªïng: 100/280)
ƒê√£ l∆∞u th√™m 100 phim... (T·ªïng: 200/280)
 ƒê√£ l∆∞u n·ªët c√°c phim cu·ªëi c√πng.
============================================== 
============================================== 
Date: Sat 01/10/2026 10:41:58.99 
============================================== 
